  camera.cpp
g:\projects\neural networks from the books\neural networks from the books\input.h(2): fatal error C1083: Cannot open include file: 'SDL.h': No such file or directory
  hamming_network.cpp
  hopfield_network.cpp
  imgui.cpp
  imgui_demo.cpp
  imgui_draw.cpp
  imgui_impl_sdl.cpp
imgui_impl_sdl.cpp(9): fatal error C1083: Cannot open include file: 'SDL.h': No such file or directory
  input.cpp
g:\projects\neural networks from the books\neural networks from the books\input.h(2): fatal error C1083: Cannot open include file: 'SDL.h': No such file or directory
  main.cpp
g:\projects\neural networks from the books\neural networks from the books\global.h(2): fatal error C1083: Cannot open include file: 'SDL.h': No such file or directory
  multilayer_perceptron.cpp
multilayer_perceptron.cpp(32): warning C4244: 'argument': conversion from 'time_t' to 'unsigned int', possible loss of data
multilayer_perceptron.cpp(38): warning C4018: '<': signed/unsigned mismatch
multilayer_perceptron.cpp(57): warning C4244: 'argument': conversion from 'time_t' to 'unsigned int', possible loss of data
multilayer_perceptron.cpp(75): warning C4018: '<': signed/unsigned mismatch
multilayer_perceptron.cpp(94): warning C4018: '<': signed/unsigned mismatch
multilayer_perceptron.cpp(111): warning C4018: '<': signed/unsigned mismatch
multilayer_perceptron.cpp(152): warning C4018: '<': signed/unsigned mismatch
multilayer_perceptron.cpp(153): warning C4018: '<': signed/unsigned mismatch
multilayer_perceptron.cpp(182): warning C4018: '<': signed/unsigned mismatch
multilayer_perceptron.cpp(183): warning C4018: '<': signed/unsigned mismatch
multilayer_perceptron.cpp(184): warning C4018: '<': signed/unsigned mismatch
multilayer_perceptron.cpp(190): warning C4018: '<': signed/unsigned mismatch
multilayer_perceptron.cpp(191): warning C4018: '<': signed/unsigned mismatch
multilayer_perceptron.cpp(239): warning C4018: '<': signed/unsigned mismatch
multilayer_perceptron.cpp(240): warning C4018: '<': signed/unsigned mismatch
multilayer_perceptron.cpp(254): warning C4018: '<': signed/unsigned mismatch
multilayer_perceptron.cpp(255): warning C4018: '<': signed/unsigned mismatch
multilayer_perceptron.cpp(277): warning C4018: '<': signed/unsigned mismatch
multilayer_perceptron.cpp(278): warning C4018: '<': signed/unsigned mismatch
multilayer_perceptron.cpp(279): warning C4018: '<': signed/unsigned mismatch
multilayer_perceptron.cpp(297): warning C4018: '<': signed/unsigned mismatch
multilayer_perceptron.cpp(298): warning C4018: '<': signed/unsigned mismatch
multilayer_perceptron.cpp(299): warning C4018: '<': signed/unsigned mismatch
  perceptron_learning_rule.cpp
perceptron_learning_rule.cpp(4): warning C4244: 'argument': conversion from 'time_t' to 'unsigned int', possible loss of data
perceptron_learning_rule.cpp(42): warning C4018: '<': signed/unsigned mismatch
perceptron_learning_rule.cpp(51): warning C4244: 'argument': conversion from 'double' to 'int', possible loss of data
perceptron_learning_rule.cpp(57): warning C4018: '<': signed/unsigned mismatch
perceptron_learning_rule.cpp(62): warning C4018: '<': signed/unsigned mismatch
  perceptron_network.cpp
  perceptron_struct.cpp
g:\projects\neural networks from the books\neural networks from the books\spritebatch.h(2): fatal error C1083: Cannot open include file: 'SDL_opengl.h': No such file or directory
  spritebatch.cpp
g:\projects\neural networks from the books\neural networks from the books\spritebatch.h(2): fatal error C1083: Cannot open include file: 'SDL_opengl.h': No such file or directory
  Text.txt
  vector2.cpp
  visualiser.cpp
g:\projects\neural networks from the books\neural networks from the books\spritebatch.h(2): fatal error C1083: Cannot open include file: 'SDL_opengl.h': No such file or directory
